<?xml version="1.0" encoding="UTF-8"?>
<testsuite xmlns:xsi="http://www.w3.org/2001/XMLSchema-instance" xsi:noNamespaceSchemaLocation="https://maven.apache.org/surefire/maven-surefire-plugin/xsd/surefire-test-report-3.0.xsd" version="3.0" name="com.beosbank.jbdevg.jbossas.AppTest" time="0.031" tests="1" errors="0" skipped="0" failures="0">
  <properties>
    <property name="sun.desktop" value="windows"/>
    <property name="awt.toolkit" value="sun.awt.windows.WToolkit"/>
    <property name="java.specification.version" value="11"/>
    <property name="sun.cpu.isalist" value="amd64"/>
    <property name="sun.jnu.encoding" value="Cp1252"/>
    <property name="java.class.path" value="C:\Users\jlbug\Downloads\JBoss-Developers-Guide-master\Chapter02\beosbank-dao\target\test-classes;C:\Users\jlbug\Downloads\JBoss-Developers-Guide-master\Chapter02\beosbank-dao\target\classes;C:\Users\jlbug\.m2\repository\junit\junit\4.12\junit-4.12.jar;C:\Users\jlbug\.m2\repository\org\hamcrest\hamcrest-core\1.3\hamcrest-core-1.3.jar;"/>
    <property name="java.vm.vendor" value="Red Hat, Inc."/>
    <property name="sun.arch.data.model" value="64"/>
    <property name="user.variant" value=""/>
    <property name="java.vendor.url" value="https://access.redhat.com/"/>
    <property name="user.timezone" value="America/Bogota"/>
    <property name="java.vm.specification.version" value="11"/>
    <property name="os.name" value="Windows 11"/>
    <property name="sun.java.launcher" value="SUN_STANDARD"/>
    <property name="user.country" value="PE"/>
    <property name="sun.boot.library.path" value="C:\Program Files\RedHat\java-11-openjdk-11.0.18-1\bin"/>
    <property name="sun.java.command" value="C:\Users\jlbug\AppData\Local\Temp\surefire3116849014271101140\surefirebooter-20230713184001516_3.jar C:\Users\jlbug\AppData\Local\Temp\surefire3116849014271101140 2023-07-13T18-39-59_714-jvmRun1 surefire-20230713184001516_1tmp surefire_0-20230713184001516_2tmp"/>
    <property name="jdk.debug" value="release"/>
    <property name="surefire.test.class.path" value="C:\Users\jlbug\Downloads\JBoss-Developers-Guide-master\Chapter02\beosbank-dao\target\test-classes;C:\Users\jlbug\Downloads\JBoss-Developers-Guide-master\Chapter02\beosbank-dao\target\classes;C:\Users\jlbug\.m2\repository\junit\junit\4.12\junit-4.12.jar;C:\Users\jlbug\.m2\repository\org\hamcrest\hamcrest-core\1.3\hamcrest-core-1.3.jar;"/>
    <property name="sun.cpu.endian" value="little"/>
    <property name="user.home" value="C:\Users\jlbug"/>
    <property name="user.language" value="es"/>
    <property name="java.specification.vendor" value="Oracle Corporation"/>
    <property name="java.version.date" value="2023-01-17"/>
    <property name="java.home" value="C:\Program Files\RedHat\java-11-openjdk-11.0.18-1"/>
    <property name="file.separator" value="\"/>
    <property name="basedir" value="C:\Users\jlbug\Downloads\JBoss-Developers-Guide-master\Chapter02\beosbank-dao"/>
    <property name="java.vm.compressedOopsMode" value="Zero based"/>
    <property name="line.separator" value="&#10;"/>
    <property name="java.specification.name" value="Java Platform API Specification"/>
    <property name="java.vm.specification.vendor" value="Oracle Corporation"/>
    <property name="java.awt.graphicsenv" value="sun.awt.Win32GraphicsEnvironment"/>
    <property name="surefire.real.class.path" value="C:\Users\jlbug\AppData\Local\Temp\surefire3116849014271101140\surefirebooter-20230713184001516_3.jar"/>
    <property name="user.script" value=""/>
    <property name="sun.management.compiler" value="HotSpot 64-Bit Tiered Compilers"/>
    <property name="java.runtime.version" value="11.0.18+10-LTS"/>
    <property name="user.name" value="jlbug"/>
    <property name="path.separator" value=";"/>
    <property name="os.version" value="10.0"/>
    <property name="java.runtime.name" value="OpenJDK Runtime Environment"/>
    <property name="file.encoding" value="Cp1252"/>
    <property name="java.vm.name" value="OpenJDK 64-Bit Server VM"/>
    <property name="java.vendor.version" value="(Red_Hat-11.0.18+10-1)"/>
    <property name="localRepository" value="C:\Users\jlbug\.m2\repository"/>
    <property name="java.vendor.url.bug" value="https://bugzilla.redhat.com/enter_bug.cgi"/>
    <property name="java.io.tmpdir" value="C:\Users\jlbug\AppData\Local\Temp\"/>
    <property name="java.version" value="11.0.18"/>
    <property name="user.dir" value="C:\Users\jlbug\Downloads\JBoss-Developers-Guide-master\Chapter02\beosbank-dao"/>
    <property name="os.arch" value="amd64"/>
    <property name="java.vm.specification.name" value="Java Virtual Machine Specification"/>
    <property name="java.awt.printerjob" value="sun.awt.windows.WPrinterJob"/>
    <property name="sun.os.patch.level" value=""/>
    <property name="java.library.path" value="C:\Program Files\RedHat\java-11-openjdk-11.0.18-1\bin;C:\WINDOWS\Sun\Java\bin;C:\WINDOWS\system32;C:\WINDOWS;C:\Program Files (x86)\Microsoft SDKs\Azure\CLI2\wbin;C:\Program Files\Eclipse Adoptium\jdk-17.0.7.7-hotspot\bin;C:\WINDOWS\system32;C:\WINDOWS;C:\WINDOWS\System32\Wbem;C:\WINDOWS\System32\WindowsPowerShell\v1.0\;C:\WINDOWS\System32\OpenSSH\;C:\openshift-client-windows\;C:\Program Files\RedHat\java-11-openjdk-11.0.18-1\bin;C:\apache-maven-3.9.1\bin;C:\Program Files (x86)\Bitvise SSH Client;C:\Program Files\Red Hat OpenShift Local\;C:\Users\jlbug\AppData\Local\Programs\Python\Python311\Scripts\;C:\Users\jlbug\AppData\Local\Programs\Python\Python311\;C:\Users\jlbug\AppData\Local\Microsoft\WindowsApps;C:\Users\jlbug\AppData\Local\Programs\VSCodium\bin;;."/>
    <property name="java.vm.info" value="mixed mode"/>
    <property name="java.vendor" value="Red Hat, Inc."/>
    <property name="java.vm.version" value="11.0.18+10-LTS"/>
    <property name="sun.io.unicode.encoding" value="UnicodeLittle"/>
    <property name="java.class.version" value="55.0"/>
  </properties>
  <testcase name="testApp" classname="com.beosbank.jbdevg.jbossas.AppTest" time="0.005"/>
</testsuite>